<?xml version="1.0" encoding="UTF-8"?>
<!-- Generated by org.testng.reporters.JUnitReportReporter -->
<testsuite skipped="0" hostname="DESKTOP-FBHQCVM" name="Test.Testing" tests="1" failures="0" timestamp="15 Jul 2019 09:05:14 GMT" time="9.703" errors="0">
  <testcase name="openBrowser" time="9.703" classname="Test.Testing"/>
</testsuite> <!-- Test.Testing -->
